
*** Running vivado
    with args -log top.vds -m64 -product Vivado -mode batch -messageDb vivado.pb -notrace -source top.tcl


ECHO est  desactivado.
ECHO est  desactivado.

****** Vivado v2023.1 (64-bit)
  **** SW Build 3865809 on Sun May  7 15:05:29 MDT 2023
  **** IP Build 3864474 on Sun May  7 20:36:21 MDT 2023
  **** SharedData Build 3865790 on Sun May 07 13:33:03 MDT 2023
    ** Copyright 1986-2022 Xilinx, Inc. All Rights Reserved.
    ** Copyright 2022-2023 Advanced Micro Devices, Inc. All Rights Reserved.

source top.tcl -notrace
create_project: Time (s): cpu = 00:00:07 ; elapsed = 00:00:08 . Memory (MB): peak = 461.738 ; gain = 197.922
Command: read_checkpoint -auto_incremental -incremental C:/Users/diego/LabSED/v_10/v_10.srcs/utils_1/imports/synth_1/top.dcp
INFO: [Vivado 12-5825] Read reference checkpoint from C:/Users/diego/LabSED/v_10/v_10.srcs/utils_1/imports/synth_1/top.dcp for incremental synthesis
INFO: [Vivado 12-7989] Please ensure there are no constraint changes
Command: synth_design -top top -part xc7a100tcsg324-1
Starting synth_design
Attempting to get a license for feature 'Synthesis' and/or device 'xc7a100t'
INFO: [Common 17-349] Got license for feature 'Synthesis' and/or device 'xc7a100t'
INFO: [Device 21-403] Loading part xc7a100tcsg324-1

*** Running vivado
    with args -log top.vds -m64 -product Vivado -mode batch -messageDb vivado.pb -notrace -source top.tcl


ECHO est  desactivado.
ECHO est  desactivado.

****** Vivado v2023.1 (64-bit)
  **** SW Build 3865809 on Sun May  7 15:05:29 MDT 2023
  **** IP Build 3864474 on Sun May  7 20:36:21 MDT 2023
  **** SharedData Build 3865790 on Sun May 07 13:33:03 MDT 2023
    ** Copyright 1986-2022 Xilinx, Inc. All Rights Reserved.
    ** Copyright 2022-2023 Advanced Micro Devices, Inc. All Rights Reserved.

source top.tcl -notrace
create_project: Time (s): cpu = 00:00:06 ; elapsed = 00:00:08 . Memory (MB): peak = 465.473 ; gain = 199.395
Command: read_checkpoint -auto_incremental -incremental C:/Users/diego/LabSED/v_10/v_10.srcs/utils_1/imports/synth_1/top.dcp
INFO: [Vivado 12-5825] Read reference checkpoint from C:/Users/diego/LabSED/v_10/v_10.srcs/utils_1/imports/synth_1/top.dcp for incremental synthesis
INFO: [Vivado 12-7989] Please ensure there are no constraint changes
Command: synth_design -top top -part xc7a100tcsg324-1
Starting synth_design
Attempting to get a license for feature 'Synthesis' and/or device 'xc7a100t'
INFO: [Common 17-349] Got license for feature 'Synthesis' and/or device 'xc7a100t'
INFO: [Device 21-403] Loading part xc7a100tcsg324-1
INFO: [Designutils 20-5440] No compile time benefit to using incremental synthesis; A full resynthesis will be run
INFO: [Designutils 20-4379] Flow is switching to default flow due to incremental criteria not met. If you would like to alter this behaviour and have the flow terminate instead, please set the following parameter config_implementation {autoIncr.Synth.RejectBehavior Terminate}
INFO: [Synth 8-7079] Multithreading enabled for synth_design using a maximum of 2 processes.
INFO: [Synth 8-7078] Launching helper process for spawning children vivado processes
INFO: [Synth 8-7075] Helper process launched with PID 21136
---------------------------------------------------------------------------------
Starting RTL Elaboration : Time (s): cpu = 00:00:04 ; elapsed = 00:00:06 . Memory (MB): peak = 1295.066 ; gain = 410.812
---------------------------------------------------------------------------------
INFO: [Synth 8-638] synthesizing module 'top' [C:/Users/diego/LabSED/v_10/v_10.srcs/sources_1/new/top.vhd:52]
INFO: [Synth 8-3491] module 'debounce' declared at 'C:/Users/diego/LabSED/v_10/v_10.srcs/sources_1/new/debounce.vhd:5' bound to instance 'debounce_pushbutton' of component 'debounce' [C:/Users/diego/LabSED/v_10/v_10.srcs/sources_1/new/top.vhd:168]
INFO: [Synth 8-638] synthesizing module 'debounce' [C:/Users/diego/LabSED/v_10/v_10.srcs/sources_1/new/debounce.vhd:14]
INFO: [Synth 8-226] default block is never used [C:/Users/diego/LabSED/v_10/v_10.srcs/sources_1/new/debounce.vhd:26]
INFO: [Synth 8-256] done synthesizing module 'debounce' (0#1) [C:/Users/diego/LabSED/v_10/v_10.srcs/sources_1/new/debounce.vhd:14]
INFO: [Synth 8-3491] module 'debounce' declared at 'C:/Users/diego/LabSED/v_10/v_10.srcs/sources_1/new/debounce.vhd:5' bound to instance 'debounce_boton_ini' of component 'debounce' [C:/Users/diego/LabSED/v_10/v_10.srcs/sources_1/new/top.vhd:175]
	Parameter temp bound to: 400000000 - type: integer 
INFO: [Synth 8-3491] module 'delay' declared at 'C:/Users/diego/LabSED/v_10/v_10.srcs/sources_1/new/delay.vhd:34' bound to instance 'tiempo_verde_peatones_espera_boton' of component 'delay' [C:/Users/diego/LabSED/v_10/v_10.srcs/sources_1/new/top.vhd:182]
INFO: [Synth 8-638] synthesizing module 'delay' [C:/Users/diego/LabSED/v_10/v_10.srcs/sources_1/new/delay.vhd:46]
	Parameter temp bound to: 400000000 - type: integer 
INFO: [Synth 8-256] done synthesizing module 'delay' (0#1) [C:/Users/diego/LabSED/v_10/v_10.srcs/sources_1/new/delay.vhd:46]
INFO: [Synth 8-3491] module 'maquina_estados' declared at 'C:/Users/diego/LabSED/v_10/v_10.srcs/sources_1/new/maquina_estados.vhd:4' bound to instance 'maquina' of component 'maquina_estados' [C:/Users/diego/LabSED/v_10/v_10.srcs/sources_1/new/top.vhd:194]
INFO: [Synth 8-638] synthesizing module 'maquina_estados' [C:/Users/diego/LabSED/v_10/v_10.srcs/sources_1/new/maquina_estados.vhd:25]
INFO: [Synth 8-256] done synthesizing module 'maquina_estados' (0#1) [C:/Users/diego/LabSED/v_10/v_10.srcs/sources_1/new/maquina_estados.vhd:25]
INFO: [Synth 8-3491] module 'anclar_entrada' declared at 'C:/Users/diego/LabSED/v_10/v_10.srcs/sources_1/new/anclar_entrada.vhd:34' bound to instance 'anclar_pulso_boton_espere_verde' of component 'anclar_entrada' [C:/Users/diego/LabSED/v_10/v_10.srcs/sources_1/new/top.vhd:214]
INFO: [Synth 8-638] synthesizing module 'anclar_entrada' [C:/Users/diego/LabSED/v_10/v_10.srcs/sources_1/new/anclar_entrada.vhd:44]
INFO: [Synth 8-256] done synthesizing module 'anclar_entrada' (0#1) [C:/Users/diego/LabSED/v_10/v_10.srcs/sources_1/new/anclar_entrada.vhd:44]
	Parameter temp bound to: 2000000000 - type: integer 
INFO: [Synth 8-3491] module 'monoestable' declared at 'C:/Users/diego/LabSED/v_10/v_10.srcs/sources_1/new/monoestable.vhd:4' bound to instance 'tiempo_verde_coches' of component 'monoestable' [C:/Users/diego/LabSED/v_10/v_10.srcs/sources_1/new/top.vhd:223]
INFO: [Synth 8-638] synthesizing module 'monoestable' [C:/Users/diego/LabSED/v_10/v_10.srcs/sources_1/new/monoestable.vhd:15]
	Parameter temp bound to: 2000000000 - type: integer 
WARNING: [Synth 8-614] signal 'ent' is read in the process but is not in the sensitivity list [C:/Users/diego/LabSED/v_10/v_10.srcs/sources_1/new/monoestable.vhd:22]
WARNING: [Synth 8-614] signal 'BOTON_START' is read in the process but is not in the sensitivity list [C:/Users/diego/LabSED/v_10/v_10.srcs/sources_1/new/monoestable.vhd:22]
WARNING: [Synth 8-614] signal 'state' is read in the process but is not in the sensitivity list [C:/Users/diego/LabSED/v_10/v_10.srcs/sources_1/new/monoestable.vhd:22]
WARNING: [Synth 8-614] signal 'soporte_finaliz' is read in the process but is not in the sensitivity list [C:/Users/diego/LabSED/v_10/v_10.srcs/sources_1/new/monoestable.vhd:22]
INFO: [Synth 8-256] done synthesizing module 'monoestable' (0#1) [C:/Users/diego/LabSED/v_10/v_10.srcs/sources_1/new/monoestable.vhd:15]
	Parameter temp bound to: 1000000000 - type: integer 
INFO: [Synth 8-3491] module 'monoestable' declared at 'C:/Users/diego/LabSED/v_10/v_10.srcs/sources_1/new/monoestable.vhd:4' bound to instance 'tiempo_verde_peatones' of component 'monoestable' [C:/Users/diego/LabSED/v_10/v_10.srcs/sources_1/new/top.vhd:233]
INFO: [Synth 8-638] synthesizing module 'monoestable__parameterized1' [C:/Users/diego/LabSED/v_10/v_10.srcs/sources_1/new/monoestable.vhd:15]
	Parameter temp bound to: 1000000000 - type: integer 
WARNING: [Synth 8-614] signal 'ent' is read in the process but is not in the sensitivity list [C:/Users/diego/LabSED/v_10/v_10.srcs/sources_1/new/monoestable.vhd:22]
WARNING: [Synth 8-614] signal 'BOTON_START' is read in the process but is not in the sensitivity list [C:/Users/diego/LabSED/v_10/v_10.srcs/sources_1/new/monoestable.vhd:22]
WARNING: [Synth 8-614] signal 'state' is read in the process but is not in the sensitivity list [C:/Users/diego/LabSED/v_10/v_10.srcs/sources_1/new/monoestable.vhd:22]
WARNING: [Synth 8-614] signal 'soporte_finaliz' is read in the process but is not in the sensitivity list [C:/Users/diego/LabSED/v_10/v_10.srcs/sources_1/new/monoestable.vhd:22]
INFO: [Synth 8-256] done synthesizing module 'monoestable__parameterized1' (0#1) [C:/Users/diego/LabSED/v_10/v_10.srcs/sources_1/new/monoestable.vhd:15]
	Parameter temp bound to: 1000000000 - type: integer 
INFO: [Synth 8-3491] module 'monoestable' declared at 'C:/Users/diego/LabSED/v_10/v_10.srcs/sources_1/new/monoestable.vhd:4' bound to instance 'tiempo_ambar_parp_verde' of component 'monoestable' [C:/Users/diego/LabSED/v_10/v_10.srcs/sources_1/new/top.vhd:253]
	Parameter temp bound to: 500000000 - type: integer 
INFO: [Synth 8-3491] module 'monoestable' declared at 'C:/Users/diego/LabSED/v_10/v_10.srcs/sources_1/new/monoestable.vhd:4' bound to instance 'tiempo_seguridad_r_r' of component 'monoestable' [C:/Users/diego/LabSED/v_10/v_10.srcs/sources_1/new/top.vhd:263]
INFO: [Synth 8-638] synthesizing module 'monoestable__parameterized3' [C:/Users/diego/LabSED/v_10/v_10.srcs/sources_1/new/monoestable.vhd:15]
	Parameter temp bound to: 500000000 - type: integer 
WARNING: [Synth 8-614] signal 'ent' is read in the process but is not in the sensitivity list [C:/Users/diego/LabSED/v_10/v_10.srcs/sources_1/new/monoestable.vhd:22]
WARNING: [Synth 8-614] signal 'BOTON_START' is read in the process but is not in the sensitivity list [C:/Users/diego/LabSED/v_10/v_10.srcs/sources_1/new/monoestable.vhd:22]
WARNING: [Synth 8-614] signal 'state' is read in the process but is not in the sensitivity list [C:/Users/diego/LabSED/v_10/v_10.srcs/sources_1/new/monoestable.vhd:22]
WARNING: [Synth 8-614] signal 'soporte_finaliz' is read in the process but is not in the sensitivity list [C:/Users/diego/LabSED/v_10/v_10.srcs/sources_1/new/monoestable.vhd:22]
INFO: [Synth 8-256] done synthesizing module 'monoestable__parameterized3' (0#1) [C:/Users/diego/LabSED/v_10/v_10.srcs/sources_1/new/monoestable.vhd:15]
INFO: [Synth 8-3491] module 'top_rgb' declared at 'C:/Users/diego/LabSED/v_10/v_10.srcs/sources_1/new/top_rgb.vhd:4' bound to instance 'uut' of component 'top_rgb' [C:/Users/diego/LabSED/v_10/v_10.srcs/sources_1/new/top.vhd:273]
INFO: [Synth 8-638] synthesizing module 'top_rgb' [C:/Users/diego/LabSED/v_10/v_10.srcs/sources_1/new/top_rgb.vhd:15]
INFO: [Synth 8-3491] module 'decoder_rgb' declared at 'C:/Users/diego/LabSED/v_10/v_10.srcs/sources_1/new/decoder_rgb.vhd:34' bound to instance 'decoder_inst' of component 'decoder_rgb' [C:/Users/diego/LabSED/v_10/v_10.srcs/sources_1/new/top_rgb.vhd:47]
INFO: [Synth 8-638] synthesizing module 'decoder_rgb' [C:/Users/diego/LabSED/v_10/v_10.srcs/sources_1/new/decoder_rgb.vhd:42]
INFO: [Synth 8-256] done synthesizing module 'decoder_rgb' (0#1) [C:/Users/diego/LabSED/v_10/v_10.srcs/sources_1/new/decoder_rgb.vhd:42]
INFO: [Synth 8-3491] module 'control_rgb' declared at 'C:/Users/diego/LabSED/v_10/v_10.srcs/sources_1/new/control_rgb.vhd:6' bound to instance 'peatones_control_inst' of component 'control_rgb' [C:/Users/diego/LabSED/v_10/v_10.srcs/sources_1/new/top_rgb.vhd:54]
INFO: [Synth 8-638] synthesizing module 'control_rgb' [C:/Users/diego/LabSED/v_10/v_10.srcs/sources_1/new/control_rgb.vhd:15]
INFO: [Synth 8-256] done synthesizing module 'control_rgb' (0#1) [C:/Users/diego/LabSED/v_10/v_10.srcs/sources_1/new/control_rgb.vhd:15]
INFO: [Synth 8-3491] module 'cambio_intensidad' declared at 'C:/Users/diego/LabSED/v_10/v_10.srcs/sources_1/new/cambio_intensidad.vhd:6' bound to instance 'regu_intensidad_coches' of component 'cambio_intensidad' [C:/Users/diego/LabSED/v_10/v_10.srcs/sources_1/new/top_rgb.vhd:62]
INFO: [Synth 8-638] synthesizing module 'cambio_intensidad' [C:/Users/diego/LabSED/v_10/v_10.srcs/sources_1/new/cambio_intensidad.vhd:15]
INFO: [Synth 8-256] done synthesizing module 'cambio_intensidad' (0#1) [C:/Users/diego/LabSED/v_10/v_10.srcs/sources_1/new/cambio_intensidad.vhd:15]
INFO: [Synth 8-3491] module 'cambio_intensidad' declared at 'C:/Users/diego/LabSED/v_10/v_10.srcs/sources_1/new/cambio_intensidad.vhd:6' bound to instance 'regu_intensidad_peatones' of component 'cambio_intensidad' [C:/Users/diego/LabSED/v_10/v_10.srcs/sources_1/new/top_rgb.vhd:70]
INFO: [Synth 8-256] done synthesizing module 'top_rgb' (0#1) [C:/Users/diego/LabSED/v_10/v_10.srcs/sources_1/new/top_rgb.vhd:15]
INFO: [Synth 8-3491] module 'top_display' declared at 'C:/Users/diego/LabSED/v_10/v_10.srcs/sources_1/new/top_display.vhd:14' bound to instance 'cuenta_atras' of component 'top_display' [C:/Users/diego/LabSED/v_10/v_10.srcs/sources_1/new/top.vhd:281]
INFO: [Synth 8-638] synthesizing module 'top_display' [C:/Users/diego/LabSED/v_10/v_10.srcs/sources_1/new/top_display.vhd:27]
INFO: [Synth 8-638] synthesizing module 'countdown' [C:/Users/diego/LabSED/v_10/v_10.srcs/sources_1/new/countdown.vhd:47]
	Parameter cuenta bound to: 999999999 - type: integer 
INFO: [Synth 8-256] done synthesizing module 'countdown' (0#1) [C:/Users/diego/LabSED/v_10/v_10.srcs/sources_1/new/countdown.vhd:47]
INFO: [Synth 8-638] synthesizing module 'countdown__parameterized0' [C:/Users/diego/LabSED/v_10/v_10.srcs/sources_1/new/countdown.vhd:47]
	Parameter cuenta bound to: 199999999 - type: integer 
INFO: [Synth 8-256] done synthesizing module 'countdown__parameterized0' (0#1) [C:/Users/diego/LabSED/v_10/v_10.srcs/sources_1/new/countdown.vhd:47]
INFO: [Synth 8-3491] module 'decoder' declared at 'C:/Users/diego/LabSED/v_10/v_10.srcs/sources_1/new/decoder.vhd:5' bound to instance 'display_unidades' of component 'decoder' [C:/Users/diego/LabSED/v_10/v_10.srcs/sources_1/new/top_display.vhd:96]
INFO: [Synth 8-638] synthesizing module 'decoder' [C:/Users/diego/LabSED/v_10/v_10.srcs/sources_1/new/decoder.vhd:11]
INFO: [Synth 8-256] done synthesizing module 'decoder' (0#1) [C:/Users/diego/LabSED/v_10/v_10.srcs/sources_1/new/decoder.vhd:11]
INFO: [Synth 8-3491] module 'decoder' declared at 'C:/Users/diego/LabSED/v_10/v_10.srcs/sources_1/new/decoder.vhd:5' bound to instance 'display_decenas' of component 'decoder' [C:/Users/diego/LabSED/v_10/v_10.srcs/sources_1/new/top_display.vhd:101]
INFO: [Synth 8-3491] module 'cambio_digsel' declared at 'C:/Users/diego/LabSED/v_10/v_10.srcs/sources_1/new/cambio_digsel.vhd:24' bound to instance 'gestion_digsel' of component 'cambio_digsel' [C:/Users/diego/LabSED/v_10/v_10.srcs/sources_1/new/top_display.vhd:106]
INFO: [Synth 8-638] synthesizing module 'cambio_digsel' [C:/Users/diego/LabSED/v_10/v_10.srcs/sources_1/new/cambio_digsel.vhd:35]
WARNING: [Synth 8-614] signal 'seg' is read in the process but is not in the sensitivity list [C:/Users/diego/LabSED/v_10/v_10.srcs/sources_1/new/cambio_digsel.vhd:39]
INFO: [Synth 8-256] done synthesizing module 'cambio_digsel' (0#1) [C:/Users/diego/LabSED/v_10/v_10.srcs/sources_1/new/cambio_digsel.vhd:35]
INFO: [Synth 8-3491] module 'buzz' declared at 'C:/Users/diego/LabSED/v_10/v_10.srcs/sources_1/new/buzzer.vhd:37' bound to instance 'buz' of component 'buzz' [C:/Users/diego/LabSED/v_10/v_10.srcs/sources_1/new/top_display.vhd:116]
INFO: [Synth 8-638] synthesizing module 'buzz' [C:/Users/diego/LabSED/v_10/v_10.srcs/sources_1/new/buzzer.vhd:46]
INFO: [Synth 8-256] done synthesizing module 'buzz' (0#1) [C:/Users/diego/LabSED/v_10/v_10.srcs/sources_1/new/buzzer.vhd:46]
INFO: [Synth 8-256] done synthesizing module 'top_display' (0#1) [C:/Users/diego/LabSED/v_10/v_10.srcs/sources_1/new/top_display.vhd:27]
INFO: [Synth 8-256] done synthesizing module 'top' (0#1) [C:/Users/diego/LabSED/v_10/v_10.srcs/sources_1/new/top.vhd:52]
WARNING: [Synth 8-7129] Port RESET_RGB in module top_rgb is either unconnected or has no load
WARNING: [Synth 8-7129] Port entrada in module anclar_entrada is either unconnected or has no load
WARNING: [Synth 8-7129] Port tiempo[31] in module anclar_entrada is either unconnected or has no load
WARNING: [Synth 8-7129] Port tiempo[30] in module anclar_entrada is either unconnected or has no load
WARNING: [Synth 8-7129] Port tiempo[29] in module anclar_entrada is either unconnected or has no load
WARNING: [Synth 8-7129] Port tiempo[28] in module anclar_entrada is either unconnected or has no load
WARNING: [Synth 8-7129] Port tiempo[27] in module anclar_entrada is either unconnected or has no load
WARNING: [Synth 8-7129] Port tiempo[26] in module anclar_entrada is either unconnected or has no load
WARNING: [Synth 8-7129] Port tiempo[25] in module anclar_entrada is either unconnected or has no load
WARNING: [Synth 8-7129] Port tiempo[24] in module anclar_entrada is either unconnected or has no load
WARNING: [Synth 8-7129] Port tiempo[23] in module anclar_entrada is either unconnected or has no load
WARNING: [Synth 8-7129] Port tiempo[22] in module anclar_entrada is either unconnected or has no load
WARNING: [Synth 8-7129] Port tiempo[21] in module anclar_entrada is either unconnected or has no load
WARNING: [Synth 8-7129] Port tiempo[20] in module anclar_entrada is either unconnected or has no load
WARNING: [Synth 8-7129] Port tiempo[19] in module anclar_entrada is either unconnected or has no load
WARNING: [Synth 8-7129] Port tiempo[18] in module anclar_entrada is either unconnected or has no load
WARNING: [Synth 8-7129] Port tiempo[17] in module anclar_entrada is either unconnected or has no load
WARNING: [Synth 8-7129] Port tiempo[16] in module anclar_entrada is either unconnected or has no load
WARNING: [Synth 8-7129] Port tiempo[15] in module anclar_entrada is either unconnected or has no load
WARNING: [Synth 8-7129] Port tiempo[14] in module anclar_entrada is either unconnected or has no load
WARNING: [Synth 8-7129] Port tiempo[13] in module anclar_entrada is either unconnected or has no load
WARNING: [Synth 8-7129] Port tiempo[12] in module anclar_entrada is either unconnected or has no load
WARNING: [Synth 8-7129] Port tiempo[11] in module anclar_entrada is either unconnected or has no load
WARNING: [Synth 8-7129] Port tiempo[10] in module anclar_entrada is either unconnected or has no load
WARNING: [Synth 8-7129] Port tiempo[9] in module anclar_entrada is either unconnected or has no load
WARNING: [Synth 8-7129] Port tiempo[8] in module anclar_entrada is either unconnected or has no load
WARNING: [Synth 8-7129] Port tiempo[7] in module anclar_entrada is either unconnected or has no load
WARNING: [Synth 8-7129] Port tiempo[6] in module anclar_entrada is either unconnected or has no load
WARNING: [Synth 8-7129] Port tiempo[5] in module anclar_entrada is either unconnected or has no load
WARNING: [Synth 8-7129] Port tiempo[4] in module anclar_entrada is either unconnected or has no load
WARNING: [Synth 8-7129] Port tiempo[3] in module anclar_entrada is either unconnected or has no load
WARNING: [Synth 8-7129] Port tiempo[2] in module anclar_entrada is either unconnected or has no load
WARNING: [Synth 8-7129] Port tiempo[1] in module anclar_entrada is either unconnected or has no load
WARNING: [Synth 8-7129] Port tiempo[0] in module anclar_entrada is either unconnected or has no load
WARNING: [Synth 8-7129] Port PUSHBUTTON in module maquina_estados is either unconnected or has no load
WARNING: [Synth 8-7129] Port SENSOR in module maquina_estados is either unconnected or has no load
WARNING: [Synth 8-7129] Port BOTON_START in module delay is either unconnected or has no load
---------------------------------------------------------------------------------
Finished RTL Elaboration : Time (s): cpu = 00:00:05 ; elapsed = 00:00:07 . Memory (MB): peak = 1390.645 ; gain = 506.391
---------------------------------------------------------------------------------
---------------------------------------------------------------------------------
Start Handling Custom Attributes
---------------------------------------------------------------------------------
---------------------------------------------------------------------------------
Finished Handling Custom Attributes : Time (s): cpu = 00:00:06 ; elapsed = 00:00:08 . Memory (MB): peak = 1390.645 ; gain = 506.391
---------------------------------------------------------------------------------
---------------------------------------------------------------------------------
Finished RTL Optimization Phase 1 : Time (s): cpu = 00:00:06 ; elapsed = 00:00:08 . Memory (MB): peak = 1390.645 ; gain = 506.391
---------------------------------------------------------------------------------
Netlist sorting complete. Time (s): cpu = 00:00:00 ; elapsed = 00:00:00.022 . Memory (MB): peak = 1390.645 ; gain = 0.000
INFO: [Project 1-570] Preparing netlist for logic optimization

Processing XDC Constraints
Initializing timing engine
Parsing XDC File [C:/Users/diego/LabSED/v_10/v_10.srcs/constrs_1/imports/Downloads/Nexys-4-DDR-Master.xdc]
Finished Parsing XDC File [C:/Users/diego/LabSED/v_10/v_10.srcs/constrs_1/imports/Downloads/Nexys-4-DDR-Master.xdc]
INFO: [Project 1-236] Implementation specific constraints were found while reading constraint file [C:/Users/diego/LabSED/v_10/v_10.srcs/constrs_1/imports/Downloads/Nexys-4-DDR-Master.xdc]. These constraints will be ignored for synthesis but will be used in implementation. Impacted constraints are listed in the file [.Xil/top_propImpl.xdc].
Resolution: To avoid this warning, move constraints listed in [.Xil/top_propImpl.xdc] to another XDC file and exclude this new file from synthesis with the used_in_synthesis property (File Properties dialog in GUI) and re-run elaboration/synthesis.
Completed Processing XDC Constraints

Netlist sorting complete. Time (s): cpu = 00:00:00 ; elapsed = 00:00:00.001 . Memory (MB): peak = 1492.527 ; gain = 0.000
INFO: [Project 1-111] Unisim Transformation Summary:
No Unisim elements were transformed.

Constraint Validation Runtime : Time (s): cpu = 00:00:00 ; elapsed = 00:00:00.005 . Memory (MB): peak = 1492.527 ; gain = 0.000
INFO: [Designutils 20-5440] No compile time benefit to using incremental synthesis; A full resynthesis will be run
INFO: [Designutils 20-4379] Flow is switching to default flow due to incremental criteria not met. If you would like to alter this behaviour and have the flow terminate instead, please set the following parameter config_implementation {autoIncr.Synth.RejectBehavior Terminate}
---------------------------------------------------------------------------------
Finished Constraint Validation : Time (s): cpu = 00:00:12 ; elapsed = 00:00:16 . Memory (MB): peak = 1492.527 ; gain = 608.273
---------------------------------------------------------------------------------
---------------------------------------------------------------------------------
Start Loading Part and Timing Information
---------------------------------------------------------------------------------
Loading part: xc7a100tcsg324-1
---------------------------------------------------------------------------------
Finished Loading Part and Timing Information : Time (s): cpu = 00:00:12 ; elapsed = 00:00:16 . Memory (MB): peak = 1492.527 ; gain = 608.273
---------------------------------------------------------------------------------
---------------------------------------------------------------------------------
Start Applying 'set_property' XDC Constraints
---------------------------------------------------------------------------------
---------------------------------------------------------------------------------
Finished applying 'set_property' XDC Constraints : Time (s): cpu = 00:00:12 ; elapsed = 00:00:16 . Memory (MB): peak = 1492.527 ; gain = 608.273
---------------------------------------------------------------------------------
INFO: [Synth 8-802] inferred FSM for state register 'state_reg' in module 'debounce'
INFO: [Synth 8-802] inferred FSM for state register 'current_state_reg' in module 'maquina_estados'
INFO: [Synth 8-802] inferred FSM for state register 'soporte_finaliz_reg' in module 'monoestable'
INFO: [Synth 8-802] inferred FSM for state register 'soporte_finaliz_reg' in module 'monoestable__parameterized1'
INFO: [Synth 8-802] inferred FSM for state register 'soporte_finaliz_reg' in module 'monoestable__parameterized3'
---------------------------------------------------------------------------------------------------
                   State |                     New Encoding |                Previous Encoding 
---------------------------------------------------------------------------------------------------
                  btn_up |                               00 |                               00
       btn_down_debounce |                               01 |                               11
                btn_down |                               10 |                               10
         btn_up_debounce |                               11 |                               01
---------------------------------------------------------------------------------------------------
INFO: [Synth 8-3354] encoded FSM with state register 'state_reg' using encoding 'sequential' in module 'debounce'
---------------------------------------------------------------------------------------------------
                   State |                     New Encoding |                Previous Encoding 
---------------------------------------------------------------------------------------------------
                     s10 |                          0000001 |                              000
                      s0 |                          0000010 |                              001
                      s1 |                          0000100 |                              010
                      s2 |                          0001000 |                              011
                      s3 |                          0010000 |                              100
                      s4 |                          0100000 |                              101
                      s5 |                          1000000 |                              110
---------------------------------------------------------------------------------------------------
INFO: [Synth 8-3354] encoded FSM with state register 'current_state_reg' using encoding 'one-hot' in module 'maquina_estados'
---------------------------------------------------------------------------------------------------
                   State |                     New Encoding |                Previous Encoding 
---------------------------------------------------------------------------------------------------
                 iSTATE0 |                               00 | 00000000000000000000000000000000
                 iSTATE1 |                               01 | 00000000000000000000000000000001
                  iSTATE |                               10 | 00000000000000000000000000000010
*
---------------------------------------------------------------------------------------------------
INFO: [Synth 8-3354] encoded FSM with state register 'soporte_finaliz_reg' using encoding 'sequential' in module 'monoestable'
---------------------------------------------------------------------------------------------------
                   State |                     New Encoding |                Previous Encoding 
---------------------------------------------------------------------------------------------------
                 iSTATE0 |                               00 | 00000000000000000000000000000000
                 iSTATE1 |                               01 | 00000000000000000000000000000001
                  iSTATE |                               10 | 00000000000000000000000000000010
*
---------------------------------------------------------------------------------------------------
INFO: [Synth 8-3354] encoded FSM with state register 'soporte_finaliz_reg' using encoding 'sequential' in module 'monoestable__parameterized1'
---------------------------------------------------------------------------------------------------
                   State |                     New Encoding |                Previous Encoding 
---------------------------------------------------------------------------------------------------
                 iSTATE0 |                               00 | 00000000000000000000000000000000
                 iSTATE1 |                               01 | 00000000000000000000000000000001
                  iSTATE |                               10 | 00000000000000000000000000000010
*
---------------------------------------------------------------------------------------------------
INFO: [Synth 8-3354] encoded FSM with state register 'soporte_finaliz_reg' using encoding 'sequential' in module 'monoestable__parameterized3'
WARNING: [Synth 8-327] inferring latch for variable 'RGB_OUT_reg' [C:/Users/diego/LabSED/v_10/v_10.srcs/sources_1/new/control_rgb.vhd:43]
---------------------------------------------------------------------------------
Finished RTL Optimization Phase 2 : Time (s): cpu = 00:00:14 ; elapsed = 00:00:18 . Memory (MB): peak = 1492.527 ; gain = 608.273
---------------------------------------------------------------------------------
---------------------------------------------------------------------------------
Start RTL Component Statistics 
---------------------------------------------------------------------------------
Detailed RTL Component Info : 
+---Adders : 
	   2 Input   32 Bit       Adders := 9     
	   2 Input   31 Bit       Adders := 2     
	   2 Input   28 Bit       Adders := 2     
	   2 Input   27 Bit       Adders := 1     
	   2 Input   17 Bit       Adders := 1     
	   2 Input    4 Bit       Adders := 2     
+---Registers : 
	               32 Bit    Registers := 8     
	               28 Bit    Registers := 2     
	               27 Bit    Registers := 1     
	               17 Bit    Registers := 1     
	                8 Bit    Registers := 1     
	                7 Bit    Registers := 1     
	                3 Bit    Registers := 2     
	                2 Bit    Registers := 1     
	                1 Bit    Registers := 12    
+---Muxes : 
	   2 Input   32 Bit        Muxes := 12    
	   2 Input   31 Bit        Muxes := 2     
	   2 Input   28 Bit        Muxes := 3     
	   4 Input   28 Bit        Muxes := 2     
	   2 Input   27 Bit        Muxes := 1     
	   2 Input   17 Bit        Muxes := 1     
	   3 Input    8 Bit        Muxes := 1     
	   7 Input    7 Bit        Muxes := 1     
	   2 Input    7 Bit        Muxes := 1     
	   7 Input    6 Bit        Muxes := 1     
	   2 Input    4 Bit        Muxes := 2     
	   4 Input    3 Bit        Muxes := 2     
	   2 Input    3 Bit        Muxes := 3     
	   4 Input    2 Bit        Muxes := 6     
	   2 Input    2 Bit        Muxes := 8     
	   4 Input    1 Bit        Muxes := 4     
	   2 Input    1 Bit        Muxes := 62    
	   3 Input    1 Bit        Muxes := 1     
	   7 Input    1 Bit        Muxes := 2     
---------------------------------------------------------------------------------
Finished RTL Component Statistics 
---------------------------------------------------------------------------------
---------------------------------------------------------------------------------
Start Part Resource Summary
---------------------------------------------------------------------------------
Part Resources:
DSPs: 240 (col length:80)
BRAMs: 270 (col length: RAMB18 80 RAMB36 40)
---------------------------------------------------------------------------------
Finished Part Resource Summary
---------------------------------------------------------------------------------
---------------------------------------------------------------------------------
Start Cross Boundary and Area Optimization
---------------------------------------------------------------------------------
WARNING: [Synth 8-7080] Parallel synthesis criteria is not met
WARNING: [Synth 8-7129] Port BOTON_ESPERA in module top is either unconnected or has no load
WARNING: [Synth 8-7129] Port SENSOR_TOP in module top is either unconnected or has no load
---------------------------------------------------------------------------------
Finished Cross Boundary and Area Optimization : Time (s): cpu = 00:00:20 ; elapsed = 00:00:26 . Memory (MB): peak = 1492.527 ; gain = 608.273
---------------------------------------------------------------------------------
---------------------------------------------------------------------------------
Start Applying XDC Timing Constraints
---------------------------------------------------------------------------------
---------------------------------------------------------------------------------
Finished Applying XDC Timing Constraints : Time (s): cpu = 00:00:25 ; elapsed = 00:00:31 . Memory (MB): peak = 1492.527 ; gain = 608.273
---------------------------------------------------------------------------------
---------------------------------------------------------------------------------
Start Timing Optimization
---------------------------------------------------------------------------------
---------------------------------------------------------------------------------
Finished Timing Optimization : Time (s): cpu = 00:00:25 ; elapsed = 00:00:32 . Memory (MB): peak = 1492.527 ; gain = 608.273
---------------------------------------------------------------------------------
---------------------------------------------------------------------------------
Start Technology Mapping
---------------------------------------------------------------------------------
---------------------------------------------------------------------------------
Finished Technology Mapping : Time (s): cpu = 00:00:25 ; elapsed = 00:00:32 . Memory (MB): peak = 1492.527 ; gain = 608.273
---------------------------------------------------------------------------------
---------------------------------------------------------------------------------
Start IO Insertion
---------------------------------------------------------------------------------
---------------------------------------------------------------------------------
Start Flattening Before IO Insertion
---------------------------------------------------------------------------------
---------------------------------------------------------------------------------
Finished Flattening Before IO Insertion
---------------------------------------------------------------------------------
---------------------------------------------------------------------------------
Start Final Netlist Cleanup
---------------------------------------------------------------------------------
---------------------------------------------------------------------------------
Finished Final Netlist Cleanup
---------------------------------------------------------------------------------
---------------------------------------------------------------------------------
Finished IO Insertion : Time (s): cpu = 00:00:30 ; elapsed = 00:00:37 . Memory (MB): peak = 1492.527 ; gain = 608.273
---------------------------------------------------------------------------------
---------------------------------------------------------------------------------
Start Renaming Generated Instances
---------------------------------------------------------------------------------
---------------------------------------------------------------------------------
Finished Renaming Generated Instances : Time (s): cpu = 00:00:30 ; elapsed = 00:00:37 . Memory (MB): peak = 1492.527 ; gain = 608.273
---------------------------------------------------------------------------------
---------------------------------------------------------------------------------
Start Rebuilding User Hierarchy
---------------------------------------------------------------------------------
---------------------------------------------------------------------------------
Finished Rebuilding User Hierarchy : Time (s): cpu = 00:00:30 ; elapsed = 00:00:37 . Memory (MB): peak = 1492.527 ; gain = 608.273
---------------------------------------------------------------------------------
---------------------------------------------------------------------------------
Start Renaming Generated Ports
---------------------------------------------------------------------------------
---------------------------------------------------------------------------------
Finished Renaming Generated Ports : Time (s): cpu = 00:00:30 ; elapsed = 00:00:37 . Memory (MB): peak = 1492.527 ; gain = 608.273
---------------------------------------------------------------------------------
---------------------------------------------------------------------------------
Start Handling Custom Attributes
---------------------------------------------------------------------------------
---------------------------------------------------------------------------------
Finished Handling Custom Attributes : Time (s): cpu = 00:00:30 ; elapsed = 00:00:37 . Memory (MB): peak = 1492.527 ; gain = 608.273
---------------------------------------------------------------------------------
---------------------------------------------------------------------------------
Start Renaming Generated Nets
---------------------------------------------------------------------------------
---------------------------------------------------------------------------------
Finished Renaming Generated Nets : Time (s): cpu = 00:00:30 ; elapsed = 00:00:37 . Memory (MB): peak = 1492.527 ; gain = 608.273
---------------------------------------------------------------------------------
---------------------------------------------------------------------------------
Start Writing Synthesis Report
---------------------------------------------------------------------------------

Report BlackBoxes: 
+-+--------------+----------+
| |BlackBox name |Instances |
+-+--------------+----------+
+-+--------------+----------+

Report Cell Usage: 
+------+-------+------+
|      |Cell   |Count |
+------+-------+------+
|1     |BUFG   |     1|
|2     |CARRY4 |   202|
|3     |LUT1   |   159|
|4     |LUT2   |   292|
|5     |LUT3   |   152|
|6     |LUT4   |   159|
|7     |LUT5   |   179|
|8     |LUT6   |   340|
|9     |FDCE   |   295|
|10    |FDPE   |    44|
|11    |FDRE   |   129|
|12    |FDSE   |     4|
|13    |LD     |     3|
|14    |IBUF   |     4|
|15    |OBUF   |    23|
+------+-------+------+
---------------------------------------------------------------------------------
Finished Writing Synthesis Report : Time (s): cpu = 00:00:30 ; elapsed = 00:00:37 . Memory (MB): peak = 1492.527 ; gain = 608.273
---------------------------------------------------------------------------------
Synthesis finished with 0 errors, 0 critical warnings and 4 warnings.
Synthesis Optimization Runtime : Time (s): cpu = 00:00:23 ; elapsed = 00:00:35 . Memory (MB): peak = 1492.527 ; gain = 506.391
Synthesis Optimization Complete : Time (s): cpu = 00:00:30 ; elapsed = 00:00:37 . Memory (MB): peak = 1492.527 ; gain = 608.273
INFO: [Project 1-571] Translating synthesized netlist
Netlist sorting complete. Time (s): cpu = 00:00:00 ; elapsed = 00:00:00.022 . Memory (MB): peak = 1492.527 ; gain = 0.000
INFO: [Netlist 29-17] Analyzing 205 Unisim elements for replacement
INFO: [Netlist 29-28] Unisim Transformation completed in 0 CPU seconds
INFO: [Project 1-570] Preparing netlist for logic optimization
INFO: [Opt 31-138] Pushed 0 inverter(s) to 0 load pin(s).
Netlist sorting complete. Time (s): cpu = 00:00:00 ; elapsed = 00:00:00.001 . Memory (MB): peak = 1492.527 ; gain = 0.000
INFO: [Project 1-111] Unisim Transformation Summary:
  A total of 3 instances were transformed.
  LD => LDCE: 3 instances

Synth Design complete | Checksum: 8af95c00
INFO: [Common 17-83] Releasing license: Synthesis
87 Infos, 54 Warnings, 0 Critical Warnings and 0 Errors encountered.
synth_design completed successfully
synth_design: Time (s): cpu = 00:00:34 ; elapsed = 00:00:43 . Memory (MB): peak = 1492.527 ; gain = 1002.176
INFO: [Common 17-1381] The checkpoint 'C:/Users/diego/LabSED/v_10/v_10.runs/synth_1/top.dcp' has been generated.
INFO: [runtcl-4] Executing : report_utilization -file top_utilization_synth.rpt -pb top_utilization_synth.pb
INFO: [Common 17-206] Exiting Vivado at Wed Dec 20 13:28:01 2023...
